d:\importantthanlife\gamedevelopment\gamedevelopment\debug\vc141.pdb
d:\importantthanlife\gamedevelopment\gamedevelopment\debug\vc141.idb
d:\importantthanlife\gamedevelopment\gamedevelopment\debug\result.obj
d:\importantthanlife\gamedevelopment\gamedevelopment\debug\main.obj
d:\importantthanlife\gamedevelopment\gamedevelopment\debug\image.obj
d:\importantthanlife\gamedevelopment\gamedevelopment\debug\gameengine.obj
d:\importantthanlife\gamedevelopment\gamedevelopment\debug\gamecontrol.obj
d:\importantthanlife\gamedevelopment\gamedevelopment\debug\draw.obj
d:\importantthanlife\gamedevelopment\gamedevelopment\debug\collision.obj
d:\importantthanlife\gamedevelopment\gamedevelopment\debug\animationeffect.obj
d:\importantthanlife\gamedevelopment\gamedevelopment\debug\animation.obj
d:\importantthanlife\gamedevelopment\gamedevelopment\debug\player.obj
d:\importantthanlife\gamedevelopment\debug\gamedevelopment.exe
d:\importantthanlife\gamedevelopment\debug\gamedevelopment.ilk
d:\importantthanlife\gamedevelopment\debug\gamedevelopment.pdb
d:\importantthanlife\gamedevelopment\gamedevelopment\debug\gamedevelopment.res
d:\importantthanlife\gamedevelopment\gamedevelopment\debug\animation[conflict].obj
d:\importantthanlife\gamedevelopment\gamedevelopment\debug\effect.obj
d:\importantthanlife\gamedevelopment\gamedevelopment\debug\animation.obj.enc
d:\importantthanlife\gamedevelopment\gamedevelopment\debug\player.obj.enc
d:\importantthanlife\gamedevelopment\gamedevelopment\debug\vc141[conflict].idb
d:\importantthanlife\gamedevelopment\gamedevelopment\debug\vc141[conflict].pdb
d:\importantthanlife\gamedevelopment\gamedevelopment\debug\gamedevelopment.tlog\cl.command.1.tlog
d:\importantthanlife\gamedevelopment\gamedevelopment\debug\gamedevelopment.tlog\cl.read.1.tlog
d:\importantthanlife\gamedevelopment\gamedevelopment\debug\gamedevelopment.tlog\cl.write.1.tlog
d:\importantthanlife\gamedevelopment\gamedevelopment\debug\gamedevelopment.tlog\link.command.1.tlog
d:\importantthanlife\gamedevelopment\gamedevelopment\debug\gamedevelopment.tlog\link.read.1.tlog
d:\importantthanlife\gamedevelopment\gamedevelopment\debug\gamedevelopment.tlog\link.write.1.tlog
d:\importantthanlife\gamedevelopment\gamedevelopment\debug\gamedevelopment.tlog\rc.command.1.tlog
d:\importantthanlife\gamedevelopment\gamedevelopment\debug\gamedevelopment.tlog\rc.read.1.tlog
d:\importantthanlife\gamedevelopment\gamedevelopment\debug\gamedevelopment.tlog\rc.write.1.tlog
