  Animation.cpp
e:\gamedevelopment\gamedevelopment\animation.cpp(10): warning C4244: 'argument': conversion from 'T' to 'float', possible loss of data
          with
          [
              T=unsigned int
          ]
e:\gamedevelopment\gamedevelopment\animation.cpp(102): warning C4244: 'argument': conversion from 'T' to 'float', possible loss of data
          with
          [
              T=unsigned int
          ]
  AnimationEffect.cpp
e:\gamedevelopment\gamedevelopment\animationeffect.cpp(27): warning C4305: '=': truncation from 'double' to 'float'
  Collision.cpp
e:\gamedevelopment\gamedevelopment\collision.cpp(63): warning C4244: 'initializing': conversion from 'T' to 'int', possible loss of data
          with
          [
              T=float
          ]
e:\gamedevelopment\gamedevelopment\collision.cpp(64): warning C4244: 'initializing': conversion from 'T' to 'int', possible loss of data
          with
          [
              T=float
          ]
e:\gamedevelopment\gamedevelopment\collision.cpp(66): warning C4244: 'argument': conversion from 'int' to 'float', possible loss of data
e:\gamedevelopment\gamedevelopment\collision.cpp(67): warning C4244: 'argument': conversion from 'int' to 'float', possible loss of data
e:\gamedevelopment\gamedevelopment\collision.cpp(127): warning C4244: 'argument': conversion from 'T' to 'float', possible loss of data
          with
          [
              T=int
          ]
e:\gamedevelopment\gamedevelopment\collision.cpp(128): warning C4244: 'argument': conversion from 'T' to 'float', possible loss of data
          with
          [
              T=int
          ]
e:\gamedevelopment\gamedevelopment\collision.cpp(129): warning C4244: 'argument': conversion from 'T' to 'float', possible loss of data
          with
          [
              T=int
          ]
e:\gamedevelopment\gamedevelopment\collision.cpp(200): warning C4244: 'initializing': conversion from 'float' to 'int', possible loss of data
e:\gamedevelopment\gamedevelopment\collision.cpp(201): warning C4244: 'argument': conversion from 'int' to 'float', possible loss of data
e:\gamedevelopment\gamedevelopment\collision.cpp(206): warning C4244: 'argument': conversion from 'int' to 'float', possible loss of data
e:\gamedevelopment\gamedevelopment\collision.cpp(209): warning C4244: 'argument': conversion from 'int' to 'float', possible loss of data
  Draw.cpp
e:\gamedevelopment\gamedevelopment\draw.cpp(43): warning C4018: '<': signed/unsigned mismatch
e:\gamedevelopment\gamedevelopment\draw.cpp(47): warning C4018: '<': signed/unsigned mismatch
e:\gamedevelopment\gamedevelopment\draw.cpp(50): warning C4018: '<': signed/unsigned mismatch
e:\gamedevelopment\gamedevelopment\draw.cpp(64): warning C4018: '<': signed/unsigned mismatch
e:\gamedevelopment\gamedevelopment\draw.cpp(69): warning C4018: '<': signed/unsigned mismatch
e:\gamedevelopment\gamedevelopment\draw.cpp(71): warning C4018: '<': signed/unsigned mismatch
e:\gamedevelopment\gamedevelopment\draw.cpp(81): warning C4018: '<': signed/unsigned mismatch
e:\gamedevelopment\gamedevelopment\draw.cpp(86): warning C4018: '<': signed/unsigned mismatch
e:\gamedevelopment\gamedevelopment\draw.cpp(91): warning C4018: '<': signed/unsigned mismatch
  GameControl.cpp
e:\gamedevelopment\gamedevelopment\gamecontrol.cpp(29): warning C4018: '<': signed/unsigned mismatch
e:\gamedevelopment\gamedevelopment\gamecontrol.cpp(31): warning C4018: '<': signed/unsigned mismatch
e:\gamedevelopment\gamedevelopment\gamecontrol.cpp(63): warning C4018: '<': signed/unsigned mismatch
e:\gamedevelopment\gamedevelopment\gamecontrol.cpp(65): warning C4018: '<': signed/unsigned mismatch
e:\gamedevelopment\gamedevelopment\gamecontrol.cpp(70): warning C4018: '<': signed/unsigned mismatch
  GameEngine.cpp
e:\gamedevelopment\gamedevelopment\gameengine.cpp(266): warning C4018: '<': signed/unsigned mismatch
e:\gamedevelopment\gamedevelopment\gameengine.cpp(244): warning C4101: 'mouse': unreferenced local variable
e:\gamedevelopment\gamedevelopment\gameengine.cpp(451): warning C4101: 'mouse': unreferenced local variable
e:\gamedevelopment\gamedevelopment\gameengine.cpp(508): warning C4018: '<': signed/unsigned mismatch
e:\gamedevelopment\gamedevelopment\gameengine.cpp(519): warning C4305: 'argument': truncation from 'double' to 'float'
e:\gamedevelopment\gamedevelopment\gameengine.cpp(544): warning C4018: '<': signed/unsigned mismatch
e:\gamedevelopment\gamedevelopment\gameengine.cpp(498): warning C4101: 'mouse': unreferenced local variable
e:\gamedevelopment\gamedevelopment\gameengine.cpp(593): warning C4018: '<': signed/unsigned mismatch
e:\gamedevelopment\gamedevelopment\gameengine.cpp(631): warning C4018: '<': signed/unsigned mismatch
e:\gamedevelopment\gamedevelopment\gameengine.cpp(583): warning C4101: 'mouse': unreferenced local variable
e:\gamedevelopment\gamedevelopment\gameengine.cpp(681): warning C4018: '<': signed/unsigned mismatch
e:\gamedevelopment\gamedevelopment\gameengine.cpp(669): warning C4101: 'mouse': unreferenced local variable
e:\gamedevelopment\gamedevelopment\gameengine.cpp(785): warning C4018: '<': signed/unsigned mismatch
e:\gamedevelopment\gamedevelopment\gameengine.cpp(790): warning C4018: '<': signed/unsigned mismatch
e:\gamedevelopment\gamedevelopment\gameengine.cpp(828): warning C4244: 'argument': conversion from 'int' to 'float', possible loss of data
e:\gamedevelopment\gamedevelopment\gameengine.cpp(750): warning C4101: 'mouse': unreferenced local variable
e:\gamedevelopment\gamedevelopment\gameengine.cpp(888): warning C4018: '<': signed/unsigned mismatch
e:\gamedevelopment\gamedevelopment\gameengine.cpp(926): warning C4244: 'argument': conversion from 'int' to 'float', possible loss of data
e:\gamedevelopment\gamedevelopment\gameengine.cpp(928): warning C4244: 'argument': conversion from 'int' to 'float', possible loss of data
e:\gamedevelopment\gamedevelopment\gameengine.cpp(963): warning C4244: 'argument': conversion from 'int' to 'float', possible loss of data
e:\gamedevelopment\gamedevelopment\gameengine.cpp(965): warning C4244: 'argument': conversion from 'int' to 'float', possible loss of data
e:\gamedevelopment\gamedevelopment\gameengine.cpp(1029): warning C4018: '<': signed/unsigned mismatch
e:\gamedevelopment\gamedevelopment\gameengine.cpp(900): warning C4101: 'mouse': unreferenced local variable
e:\gamedevelopment\gamedevelopment\gameengine.cpp(1092): warning C4018: '<': signed/unsigned mismatch
e:\gamedevelopment\gamedevelopment\gameengine.cpp(1174): warning C4018: '<': signed/unsigned mismatch
e:\gamedevelopment\gamedevelopment\gameengine.cpp(1176): warning C4018: '<': signed/unsigned mismatch
e:\gamedevelopment\gamedevelopment\gameengine.cpp(1275): warning C4018: '<': signed/unsigned mismatch
e:\gamedevelopment\gamedevelopment\gameengine.cpp(1277): warning C4018: '<': signed/unsigned mismatch
e:\gamedevelopment\gamedevelopment\gameengine.cpp(1106): warning C4101: 'mouse': unreferenced local variable
e:\gamedevelopment\gamedevelopment\gameengine.cpp(1316): warning C4244: 'argument': conversion from 'T' to 'T', possible loss of data
          with
          [
              T=int
          ]
          and
          [
              T=float
          ]
  Image.cpp
  main.cpp
  Player.cpp
e:\gamedevelopment\gamedevelopment\player.cpp(255): warning C4244: 'argument': conversion from 'T' to 'float', possible loss of data
          with
          [
              T=int
          ]
e:\gamedevelopment\gamedevelopment\player.cpp(351): warning C4244: 'argument': conversion from 'double' to 'float', possible loss of data
e:\gamedevelopment\gamedevelopment\player.cpp(367): warning C4244: '=': conversion from 'double' to 'float', possible loss of data
e:\gamedevelopment\gamedevelopment\player.cpp(382): warning C4244: '=': conversion from 'double' to 'float', possible loss of data
e:\gamedevelopment\gamedevelopment\player.cpp(398): warning C4244: '=': conversion from 'double' to 'float', possible loss of data
e:\gamedevelopment\gamedevelopment\player.cpp(512): warning C4244: 'argument': conversion from 'double' to 'float', possible loss of data
e:\gamedevelopment\gamedevelopment\player.cpp(640): warning C4305: 'initializing': truncation from 'double' to 'float'
e:\gamedevelopment\gamedevelopment\player.cpp(641): warning C4305: 'initializing': truncation from 'double' to 'float'
e:\gamedevelopment\gamedevelopment\player.cpp(642): warning C4305: 'initializing': truncation from 'double' to 'float'
e:\gamedevelopment\gamedevelopment\player.cpp(643): warning C4305: 'initializing': truncation from 'double' to 'float'
  Result.cpp
  Generating code
  1722 of 1724 functions (99.9%) were compiled, the rest were copied from previous compilation.
    1192 functions were new in current compilation
    0 functions had inline decision re-evaluated but remain unchanged
  Finished generating code
  GameDevelopment.vcxproj -> E:\GameDevelopment\Release\GameDevelopment.exe
